<?xml version="1.0" encoding="UTF-8"?>
<testsuite xmlns:xsi="http://www.w3.org/2001/XMLSchema-instance" xsi:noNamespaceSchemaLocation="https://maven.apache.org/surefire/maven-surefire-plugin/xsd/surefire-test-report.xsd" name="com.example.springbootdemo.SpringbootdemoApplicationTests" time="8.86" tests="1" errors="0" skipped="0" failures="0">
  <properties>
    <property name="gopherProxySet" value="false"/>
    <property name="awt.toolkit" value="sun.lwawt.macosx.LWCToolkit"/>
    <property name="file.encoding.pkg" value="sun.io"/>
    <property name="java.specification.version" value="1.8"/>
    <property name="sun.cpu.isalist" value=""/>
    <property name="sun.jnu.encoding" value="UTF-8"/>
    <property name="java.class.path" value="/Users/edz/BM/springbootdemo/target/test-classes:/Users/edz/BM/springbootdemo/target/classes:/usr/local/Cellar/maven/3.6.1/libexec/respository/org/springframework/boot/spring-boot-starter-data-jpa/2.2.2.RELEASE/spring-boot-starter-data-jpa-2.2.2.RELEASE.jar:/usr/local/Cellar/maven/3.6.1/libexec/respository/org/springframework/boot/spring-boot-starter-aop/2.2.2.RELEASE/spring-boot-starter-aop-2.2.2.RELEASE.jar:/usr/local/Cellar/maven/3.6.1/libexec/respository/org/springframework/spring-aop/5.2.2.RELEASE/spring-aop-5.2.2.RELEASE.jar:/usr/local/Cellar/maven/3.6.1/libexec/respository/org/aspectj/aspectjweaver/1.9.5/aspectjweaver-1.9.5.jar:/usr/local/Cellar/maven/3.6.1/libexec/respository/org/springframework/boot/spring-boot-starter-jdbc/2.2.2.RELEASE/spring-boot-starter-jdbc-2.2.2.RELEASE.jar:/usr/local/Cellar/maven/3.6.1/libexec/respository/com/zaxxer/HikariCP/3.4.1/HikariCP-3.4.1.jar:/usr/local/Cellar/maven/3.6.1/libexec/respository/org/springframework/spring-jdbc/5.2.2.RELEASE/spring-jdbc-5.2.2.RELEASE.jar:/usr/local/Cellar/maven/3.6.1/libexec/respository/jakarta/activation/jakarta.activation-api/1.2.1/jakarta.activation-api-1.2.1.jar:/usr/local/Cellar/maven/3.6.1/libexec/respository/jakarta/persistence/jakarta.persistence-api/2.2.3/jakarta.persistence-api-2.2.3.jar:/usr/local/Cellar/maven/3.6.1/libexec/respository/jakarta/transaction/jakarta.transaction-api/1.3.3/jakarta.transaction-api-1.3.3.jar:/usr/local/Cellar/maven/3.6.1/libexec/respository/org/hibernate/hibernate-core/5.4.9.Final/hibernate-core-5.4.9.Final.jar:/usr/local/Cellar/maven/3.6.1/libexec/respository/org/jboss/logging/jboss-logging/3.4.1.Final/jboss-logging-3.4.1.Final.jar:/usr/local/Cellar/maven/3.6.1/libexec/respository/org/javassist/javassist/3.24.0-GA/javassist-3.24.0-GA.jar:/usr/local/Cellar/maven/3.6.1/libexec/respository/net/bytebuddy/byte-buddy/1.10.4/byte-buddy-1.10.4.jar:/usr/local/Cellar/maven/3.6.1/libexec/respository/antlr/antlr/2.7.7/antlr-2.7.7.jar:/usr/local/Cellar/maven/3.6.1/libexec/respository/org/jboss/jandex/2.1.1.Final/jandex-2.1.1.Final.jar:/usr/local/Cellar/maven/3.6.1/libexec/respository/com/fasterxml/classmate/1.5.1/classmate-1.5.1.jar:/usr/local/Cellar/maven/3.6.1/libexec/respository/org/dom4j/dom4j/2.1.1/dom4j-2.1.1.jar:/usr/local/Cellar/maven/3.6.1/libexec/respository/org/hibernate/common/hibernate-commons-annotations/5.1.0.Final/hibernate-commons-annotations-5.1.0.Final.jar:/usr/local/Cellar/maven/3.6.1/libexec/respository/org/glassfish/jaxb/jaxb-runtime/2.3.2/jaxb-runtime-2.3.2.jar:/usr/local/Cellar/maven/3.6.1/libexec/respository/org/glassfish/jaxb/txw2/2.3.2/txw2-2.3.2.jar:/usr/local/Cellar/maven/3.6.1/libexec/respository/com/sun/istack/istack-commons-runtime/3.0.8/istack-commons-runtime-3.0.8.jar:/usr/local/Cellar/maven/3.6.1/libexec/respository/org/jvnet/staxex/stax-ex/1.8.1/stax-ex-1.8.1.jar:/usr/local/Cellar/maven/3.6.1/libexec/respository/com/sun/xml/fastinfoset/FastInfoset/1.2.16/FastInfoset-1.2.16.jar:/usr/local/Cellar/maven/3.6.1/libexec/respository/org/springframework/data/spring-data-jpa/2.2.3.RELEASE/spring-data-jpa-2.2.3.RELEASE.jar:/usr/local/Cellar/maven/3.6.1/libexec/respository/org/springframework/data/spring-data-commons/2.2.3.RELEASE/spring-data-commons-2.2.3.RELEASE.jar:/usr/local/Cellar/maven/3.6.1/libexec/respository/org/springframework/spring-orm/5.2.2.RELEASE/spring-orm-5.2.2.RELEASE.jar:/usr/local/Cellar/maven/3.6.1/libexec/respository/org/springframework/spring-context/5.2.2.RELEASE/spring-context-5.2.2.RELEASE.jar:/usr/local/Cellar/maven/3.6.1/libexec/respository/org/springframework/spring-tx/5.2.2.RELEASE/spring-tx-5.2.2.RELEASE.jar:/usr/local/Cellar/maven/3.6.1/libexec/respository/org/springframework/spring-beans/5.2.2.RELEASE/spring-beans-5.2.2.RELEASE.jar:/usr/local/Cellar/maven/3.6.1/libexec/respository/org/slf4j/slf4j-api/1.7.29/slf4j-api-1.7.29.jar:/usr/local/Cellar/maven/3.6.1/libexec/respository/org/springframework/spring-aspects/5.2.2.RELEASE/spring-aspects-5.2.2.RELEASE.jar:/usr/local/Cellar/maven/3.6.1/libexec/respository/org/springframework/boot/spring-boot-starter-web/2.2.2.RELEASE/spring-boot-starter-web-2.2.2.RELEASE.jar:/usr/local/Cellar/maven/3.6.1/libexec/respository/org/springframework/boot/spring-boot-starter/2.2.2.RELEASE/spring-boot-starter-2.2.2.RELEASE.jar:/usr/local/Cellar/maven/3.6.1/libexec/respository/org/springframework/boot/spring-boot/2.2.2.RELEASE/spring-boot-2.2.2.RELEASE.jar:/usr/local/Cellar/maven/3.6.1/libexec/respository/org/springframework/boot/spring-boot-autoconfigure/2.2.2.RELEASE/spring-boot-autoconfigure-2.2.2.RELEASE.jar:/usr/local/Cellar/maven/3.6.1/libexec/respository/org/springframework/boot/spring-boot-starter-logging/2.2.2.RELEASE/spring-boot-starter-logging-2.2.2.RELEASE.jar:/usr/local/Cellar/maven/3.6.1/libexec/respository/ch/qos/logback/logback-classic/1.2.3/logback-classic-1.2.3.jar:/usr/local/Cellar/maven/3.6.1/libexec/respository/ch/qos/logback/logback-core/1.2.3/logback-core-1.2.3.jar:/usr/local/Cellar/maven/3.6.1/libexec/respository/org/apache/logging/log4j/log4j-to-slf4j/2.12.1/log4j-to-slf4j-2.12.1.jar:/usr/local/Cellar/maven/3.6.1/libexec/respository/org/apache/logging/log4j/log4j-api/2.12.1/log4j-api-2.12.1.jar:/usr/local/Cellar/maven/3.6.1/libexec/respository/org/slf4j/jul-to-slf4j/1.7.29/jul-to-slf4j-1.7.29.jar:/usr/local/Cellar/maven/3.6.1/libexec/respository/jakarta/annotation/jakarta.annotation-api/1.3.5/jakarta.annotation-api-1.3.5.jar:/usr/local/Cellar/maven/3.6.1/libexec/respository/org/yaml/snakeyaml/1.25/snakeyaml-1.25.jar:/usr/local/Cellar/maven/3.6.1/libexec/respository/org/springframework/boot/spring-boot-starter-json/2.2.2.RELEASE/spring-boot-starter-json-2.2.2.RELEASE.jar:/usr/local/Cellar/maven/3.6.1/libexec/respository/com/fasterxml/jackson/core/jackson-databind/2.10.1/jackson-databind-2.10.1.jar:/usr/local/Cellar/maven/3.6.1/libexec/respository/com/fasterxml/jackson/core/jackson-annotations/2.10.1/jackson-annotations-2.10.1.jar:/usr/local/Cellar/maven/3.6.1/libexec/respository/com/fasterxml/jackson/core/jackson-core/2.10.1/jackson-core-2.10.1.jar:/usr/local/Cellar/maven/3.6.1/libexec/respository/com/fasterxml/jackson/datatype/jackson-datatype-jdk8/2.10.1/jackson-datatype-jdk8-2.10.1.jar:/usr/local/Cellar/maven/3.6.1/libexec/respository/com/fasterxml/jackson/datatype/jackson-datatype-jsr310/2.10.1/jackson-datatype-jsr310-2.10.1.jar:/usr/local/Cellar/maven/3.6.1/libexec/respository/com/fasterxml/jackson/module/jackson-module-parameter-names/2.10.1/jackson-module-parameter-names-2.10.1.jar:/usr/local/Cellar/maven/3.6.1/libexec/respository/org/springframework/boot/spring-boot-starter-tomcat/2.2.2.RELEASE/spring-boot-starter-tomcat-2.2.2.RELEASE.jar:/usr/local/Cellar/maven/3.6.1/libexec/respository/org/apache/tomcat/embed/tomcat-embed-core/9.0.29/tomcat-embed-core-9.0.29.jar:/usr/local/Cellar/maven/3.6.1/libexec/respository/org/apache/tomcat/embed/tomcat-embed-el/9.0.29/tomcat-embed-el-9.0.29.jar:/usr/local/Cellar/maven/3.6.1/libexec/respository/org/apache/tomcat/embed/tomcat-embed-websocket/9.0.29/tomcat-embed-websocket-9.0.29.jar:/usr/local/Cellar/maven/3.6.1/libexec/respository/org/springframework/boot/spring-boot-starter-validation/2.2.2.RELEASE/spring-boot-starter-validation-2.2.2.RELEASE.jar:/usr/local/Cellar/maven/3.6.1/libexec/respository/jakarta/validation/jakarta.validation-api/2.0.1/jakarta.validation-api-2.0.1.jar:/usr/local/Cellar/maven/3.6.1/libexec/respository/org/hibernate/validator/hibernate-validator/6.0.18.Final/hibernate-validator-6.0.18.Final.jar:/usr/local/Cellar/maven/3.6.1/libexec/respository/org/springframework/spring-web/5.2.2.RELEASE/spring-web-5.2.2.RELEASE.jar:/usr/local/Cellar/maven/3.6.1/libexec/respository/org/springframework/spring-webmvc/5.2.2.RELEASE/spring-webmvc-5.2.2.RELEASE.jar:/usr/local/Cellar/maven/3.6.1/libexec/respository/org/springframework/spring-expression/5.2.2.RELEASE/spring-expression-5.2.2.RELEASE.jar:/usr/local/Cellar/maven/3.6.1/libexec/respository/org/mybatis/spring/boot/mybatis-spring-boot-starter/1.1.1/mybatis-spring-boot-starter-1.1.1.jar:/usr/local/Cellar/maven/3.6.1/libexec/respository/org/mybatis/spring/boot/mybatis-spring-boot-autoconfigure/1.1.1/mybatis-spring-boot-autoconfigure-1.1.1.jar:/usr/local/Cellar/maven/3.6.1/libexec/respository/org/mybatis/mybatis/3.4.0/mybatis-3.4.0.jar:/usr/local/Cellar/maven/3.6.1/libexec/respository/org/mybatis/mybatis-spring/1.3.0/mybatis-spring-1.3.0.jar:/usr/local/Cellar/maven/3.6.1/libexec/respository/mysql/mysql-connector-java/8.0.18/mysql-connector-java-8.0.18.jar:/usr/local/Cellar/maven/3.6.1/libexec/respository/org/springframework/boot/spring-boot-starter-test/2.2.2.RELEASE/spring-boot-starter-test-2.2.2.RELEASE.jar:/usr/local/Cellar/maven/3.6.1/libexec/respository/org/springframework/boot/spring-boot-test/2.2.2.RELEASE/spring-boot-test-2.2.2.RELEASE.jar:/usr/local/Cellar/maven/3.6.1/libexec/respository/org/springframework/boot/spring-boot-test-autoconfigure/2.2.2.RELEASE/spring-boot-test-autoconfigure-2.2.2.RELEASE.jar:/usr/local/Cellar/maven/3.6.1/libexec/respository/com/jayway/jsonpath/json-path/2.4.0/json-path-2.4.0.jar:/usr/local/Cellar/maven/3.6.1/libexec/respository/net/minidev/json-smart/2.3/json-smart-2.3.jar:/usr/local/Cellar/maven/3.6.1/libexec/respository/net/minidev/accessors-smart/1.2/accessors-smart-1.2.jar:/usr/local/Cellar/maven/3.6.1/libexec/respository/org/ow2/asm/asm/5.0.4/asm-5.0.4.jar:/usr/local/Cellar/maven/3.6.1/libexec/respository/jakarta/xml/bind/jakarta.xml.bind-api/2.3.2/jakarta.xml.bind-api-2.3.2.jar:/usr/local/Cellar/maven/3.6.1/libexec/respository/org/junit/jupiter/junit-jupiter/5.5.2/junit-jupiter-5.5.2.jar:/usr/local/Cellar/maven/3.6.1/libexec/respository/org/junit/jupiter/junit-jupiter-api/5.5.2/junit-jupiter-api-5.5.2.jar:/usr/local/Cellar/maven/3.6.1/libexec/respository/org/apiguardian/apiguardian-api/1.1.0/apiguardian-api-1.1.0.jar:/usr/local/Cellar/maven/3.6.1/libexec/respository/org/opentest4j/opentest4j/1.2.0/opentest4j-1.2.0.jar:/usr/local/Cellar/maven/3.6.1/libexec/respository/org/junit/platform/junit-platform-commons/1.5.2/junit-platform-commons-1.5.2.jar:/usr/local/Cellar/maven/3.6.1/libexec/respository/org/junit/jupiter/junit-jupiter-params/5.5.2/junit-jupiter-params-5.5.2.jar:/usr/local/Cellar/maven/3.6.1/libexec/respository/org/junit/jupiter/junit-jupiter-engine/5.5.2/junit-jupiter-engine-5.5.2.jar:/usr/local/Cellar/maven/3.6.1/libexec/respository/org/junit/platform/junit-platform-engine/1.5.2/junit-platform-engine-1.5.2.jar:/usr/local/Cellar/maven/3.6.1/libexec/respository/org/mockito/mockito-junit-jupiter/3.1.0/mockito-junit-jupiter-3.1.0.jar:/usr/local/Cellar/maven/3.6.1/libexec/respository/org/assertj/assertj-core/3.13.2/assertj-core-3.13.2.jar:/usr/local/Cellar/maven/3.6.1/libexec/respository/org/hamcrest/hamcrest/2.1/hamcrest-2.1.jar:/usr/local/Cellar/maven/3.6.1/libexec/respository/org/mockito/mockito-core/3.1.0/mockito-core-3.1.0.jar:/usr/local/Cellar/maven/3.6.1/libexec/respository/net/bytebuddy/byte-buddy-agent/1.10.4/byte-buddy-agent-1.10.4.jar:/usr/local/Cellar/maven/3.6.1/libexec/respository/org/objenesis/objenesis/2.6/objenesis-2.6.jar:/usr/local/Cellar/maven/3.6.1/libexec/respository/org/skyscreamer/jsonassert/1.5.0/jsonassert-1.5.0.jar:/usr/local/Cellar/maven/3.6.1/libexec/respository/com/vaadin/external/google/android-json/0.0.20131108.vaadin1/android-json-0.0.20131108.vaadin1.jar:/usr/local/Cellar/maven/3.6.1/libexec/respository/org/springframework/spring-core/5.2.2.RELEASE/spring-core-5.2.2.RELEASE.jar:/usr/local/Cellar/maven/3.6.1/libexec/respository/org/springframework/spring-jcl/5.2.2.RELEASE/spring-jcl-5.2.2.RELEASE.jar:/usr/local/Cellar/maven/3.6.1/libexec/respository/org/springframework/spring-test/5.2.2.RELEASE/spring-test-5.2.2.RELEASE.jar:/usr/local/Cellar/maven/3.6.1/libexec/respository/org/xmlunit/xmlunit-core/2.6.3/xmlunit-core-2.6.3.jar:"/>
    <property name="java.vm.vendor" value="Oracle Corporation"/>
    <property name="sun.arch.data.model" value="64"/>
    <property name="java.vendor.url" value="http://java.oracle.com/"/>
    <property name="user.timezone" value=""/>
    <property name="java.vm.specification.version" value="1.8"/>
    <property name="os.name" value="Mac OS X"/>
    <property name="user.country" value="CN"/>
    <property name="sun.java.launcher" value="SUN_STANDARD"/>
    <property name="sun.boot.library.path" value="/Users/edz/Java/JavaVirtualMachines/jdk1.8.0_181.jdk/Contents/Home/jre/lib"/>
    <property name="sun.java.command" value="/Users/edz/BM/springbootdemo/target/surefire/surefirebooter7717929901650673770.jar /Users/edz/BM/springbootdemo/target/surefire 2019-12-25T20-57-13_206-jvmRun1 surefire3762051885022548853tmp surefire_04041828041441391469tmp"/>
    <property name="http.nonProxyHosts" value="local|*.local|169.254/16|*.169.254/16"/>
    <property name="surefire.test.class.path" value="/Users/edz/BM/springbootdemo/target/test-classes:/Users/edz/BM/springbootdemo/target/classes:/usr/local/Cellar/maven/3.6.1/libexec/respository/org/springframework/boot/spring-boot-starter-data-jpa/2.2.2.RELEASE/spring-boot-starter-data-jpa-2.2.2.RELEASE.jar:/usr/local/Cellar/maven/3.6.1/libexec/respository/org/springframework/boot/spring-boot-starter-aop/2.2.2.RELEASE/spring-boot-starter-aop-2.2.2.RELEASE.jar:/usr/local/Cellar/maven/3.6.1/libexec/respository/org/springframework/spring-aop/5.2.2.RELEASE/spring-aop-5.2.2.RELEASE.jar:/usr/local/Cellar/maven/3.6.1/libexec/respository/org/aspectj/aspectjweaver/1.9.5/aspectjweaver-1.9.5.jar:/usr/local/Cellar/maven/3.6.1/libexec/respository/org/springframework/boot/spring-boot-starter-jdbc/2.2.2.RELEASE/spring-boot-starter-jdbc-2.2.2.RELEASE.jar:/usr/local/Cellar/maven/3.6.1/libexec/respository/com/zaxxer/HikariCP/3.4.1/HikariCP-3.4.1.jar:/usr/local/Cellar/maven/3.6.1/libexec/respository/org/springframework/spring-jdbc/5.2.2.RELEASE/spring-jdbc-5.2.2.RELEASE.jar:/usr/local/Cellar/maven/3.6.1/libexec/respository/jakarta/activation/jakarta.activation-api/1.2.1/jakarta.activation-api-1.2.1.jar:/usr/local/Cellar/maven/3.6.1/libexec/respository/jakarta/persistence/jakarta.persistence-api/2.2.3/jakarta.persistence-api-2.2.3.jar:/usr/local/Cellar/maven/3.6.1/libexec/respository/jakarta/transaction/jakarta.transaction-api/1.3.3/jakarta.transaction-api-1.3.3.jar:/usr/local/Cellar/maven/3.6.1/libexec/respository/org/hibernate/hibernate-core/5.4.9.Final/hibernate-core-5.4.9.Final.jar:/usr/local/Cellar/maven/3.6.1/libexec/respository/org/jboss/logging/jboss-logging/3.4.1.Final/jboss-logging-3.4.1.Final.jar:/usr/local/Cellar/maven/3.6.1/libexec/respository/org/javassist/javassist/3.24.0-GA/javassist-3.24.0-GA.jar:/usr/local/Cellar/maven/3.6.1/libexec/respository/net/bytebuddy/byte-buddy/1.10.4/byte-buddy-1.10.4.jar:/usr/local/Cellar/maven/3.6.1/libexec/respository/antlr/antlr/2.7.7/antlr-2.7.7.jar:/usr/local/Cellar/maven/3.6.1/libexec/respository/org/jboss/jandex/2.1.1.Final/jandex-2.1.1.Final.jar:/usr/local/Cellar/maven/3.6.1/libexec/respository/com/fasterxml/classmate/1.5.1/classmate-1.5.1.jar:/usr/local/Cellar/maven/3.6.1/libexec/respository/org/dom4j/dom4j/2.1.1/dom4j-2.1.1.jar:/usr/local/Cellar/maven/3.6.1/libexec/respository/org/hibernate/common/hibernate-commons-annotations/5.1.0.Final/hibernate-commons-annotations-5.1.0.Final.jar:/usr/local/Cellar/maven/3.6.1/libexec/respository/org/glassfish/jaxb/jaxb-runtime/2.3.2/jaxb-runtime-2.3.2.jar:/usr/local/Cellar/maven/3.6.1/libexec/respository/org/glassfish/jaxb/txw2/2.3.2/txw2-2.3.2.jar:/usr/local/Cellar/maven/3.6.1/libexec/respository/com/sun/istack/istack-commons-runtime/3.0.8/istack-commons-runtime-3.0.8.jar:/usr/local/Cellar/maven/3.6.1/libexec/respository/org/jvnet/staxex/stax-ex/1.8.1/stax-ex-1.8.1.jar:/usr/local/Cellar/maven/3.6.1/libexec/respository/com/sun/xml/fastinfoset/FastInfoset/1.2.16/FastInfoset-1.2.16.jar:/usr/local/Cellar/maven/3.6.1/libexec/respository/org/springframework/data/spring-data-jpa/2.2.3.RELEASE/spring-data-jpa-2.2.3.RELEASE.jar:/usr/local/Cellar/maven/3.6.1/libexec/respository/org/springframework/data/spring-data-commons/2.2.3.RELEASE/spring-data-commons-2.2.3.RELEASE.jar:/usr/local/Cellar/maven/3.6.1/libexec/respository/org/springframework/spring-orm/5.2.2.RELEASE/spring-orm-5.2.2.RELEASE.jar:/usr/local/Cellar/maven/3.6.1/libexec/respository/org/springframework/spring-context/5.2.2.RELEASE/spring-context-5.2.2.RELEASE.jar:/usr/local/Cellar/maven/3.6.1/libexec/respository/org/springframework/spring-tx/5.2.2.RELEASE/spring-tx-5.2.2.RELEASE.jar:/usr/local/Cellar/maven/3.6.1/libexec/respository/org/springframework/spring-beans/5.2.2.RELEASE/spring-beans-5.2.2.RELEASE.jar:/usr/local/Cellar/maven/3.6.1/libexec/respository/org/slf4j/slf4j-api/1.7.29/slf4j-api-1.7.29.jar:/usr/local/Cellar/maven/3.6.1/libexec/respository/org/springframework/spring-aspects/5.2.2.RELEASE/spring-aspects-5.2.2.RELEASE.jar:/usr/local/Cellar/maven/3.6.1/libexec/respository/org/springframework/boot/spring-boot-starter-web/2.2.2.RELEASE/spring-boot-starter-web-2.2.2.RELEASE.jar:/usr/local/Cellar/maven/3.6.1/libexec/respository/org/springframework/boot/spring-boot-starter/2.2.2.RELEASE/spring-boot-starter-2.2.2.RELEASE.jar:/usr/local/Cellar/maven/3.6.1/libexec/respository/org/springframework/boot/spring-boot/2.2.2.RELEASE/spring-boot-2.2.2.RELEASE.jar:/usr/local/Cellar/maven/3.6.1/libexec/respository/org/springframework/boot/spring-boot-autoconfigure/2.2.2.RELEASE/spring-boot-autoconfigure-2.2.2.RELEASE.jar:/usr/local/Cellar/maven/3.6.1/libexec/respository/org/springframework/boot/spring-boot-starter-logging/2.2.2.RELEASE/spring-boot-starter-logging-2.2.2.RELEASE.jar:/usr/local/Cellar/maven/3.6.1/libexec/respository/ch/qos/logback/logback-classic/1.2.3/logback-classic-1.2.3.jar:/usr/local/Cellar/maven/3.6.1/libexec/respository/ch/qos/logback/logback-core/1.2.3/logback-core-1.2.3.jar:/usr/local/Cellar/maven/3.6.1/libexec/respository/org/apache/logging/log4j/log4j-to-slf4j/2.12.1/log4j-to-slf4j-2.12.1.jar:/usr/local/Cellar/maven/3.6.1/libexec/respository/org/apache/logging/log4j/log4j-api/2.12.1/log4j-api-2.12.1.jar:/usr/local/Cellar/maven/3.6.1/libexec/respository/org/slf4j/jul-to-slf4j/1.7.29/jul-to-slf4j-1.7.29.jar:/usr/local/Cellar/maven/3.6.1/libexec/respository/jakarta/annotation/jakarta.annotation-api/1.3.5/jakarta.annotation-api-1.3.5.jar:/usr/local/Cellar/maven/3.6.1/libexec/respository/org/yaml/snakeyaml/1.25/snakeyaml-1.25.jar:/usr/local/Cellar/maven/3.6.1/libexec/respository/org/springframework/boot/spring-boot-starter-json/2.2.2.RELEASE/spring-boot-starter-json-2.2.2.RELEASE.jar:/usr/local/Cellar/maven/3.6.1/libexec/respository/com/fasterxml/jackson/core/jackson-databind/2.10.1/jackson-databind-2.10.1.jar:/usr/local/Cellar/maven/3.6.1/libexec/respository/com/fasterxml/jackson/core/jackson-annotations/2.10.1/jackson-annotations-2.10.1.jar:/usr/local/Cellar/maven/3.6.1/libexec/respository/com/fasterxml/jackson/core/jackson-core/2.10.1/jackson-core-2.10.1.jar:/usr/local/Cellar/maven/3.6.1/libexec/respository/com/fasterxml/jackson/datatype/jackson-datatype-jdk8/2.10.1/jackson-datatype-jdk8-2.10.1.jar:/usr/local/Cellar/maven/3.6.1/libexec/respository/com/fasterxml/jackson/datatype/jackson-datatype-jsr310/2.10.1/jackson-datatype-jsr310-2.10.1.jar:/usr/local/Cellar/maven/3.6.1/libexec/respository/com/fasterxml/jackson/module/jackson-module-parameter-names/2.10.1/jackson-module-parameter-names-2.10.1.jar:/usr/local/Cellar/maven/3.6.1/libexec/respository/org/springframework/boot/spring-boot-starter-tomcat/2.2.2.RELEASE/spring-boot-starter-tomcat-2.2.2.RELEASE.jar:/usr/local/Cellar/maven/3.6.1/libexec/respository/org/apache/tomcat/embed/tomcat-embed-core/9.0.29/tomcat-embed-core-9.0.29.jar:/usr/local/Cellar/maven/3.6.1/libexec/respository/org/apache/tomcat/embed/tomcat-embed-el/9.0.29/tomcat-embed-el-9.0.29.jar:/usr/local/Cellar/maven/3.6.1/libexec/respository/org/apache/tomcat/embed/tomcat-embed-websocket/9.0.29/tomcat-embed-websocket-9.0.29.jar:/usr/local/Cellar/maven/3.6.1/libexec/respository/org/springframework/boot/spring-boot-starter-validation/2.2.2.RELEASE/spring-boot-starter-validation-2.2.2.RELEASE.jar:/usr/local/Cellar/maven/3.6.1/libexec/respository/jakarta/validation/jakarta.validation-api/2.0.1/jakarta.validation-api-2.0.1.jar:/usr/local/Cellar/maven/3.6.1/libexec/respository/org/hibernate/validator/hibernate-validator/6.0.18.Final/hibernate-validator-6.0.18.Final.jar:/usr/local/Cellar/maven/3.6.1/libexec/respository/org/springframework/spring-web/5.2.2.RELEASE/spring-web-5.2.2.RELEASE.jar:/usr/local/Cellar/maven/3.6.1/libexec/respository/org/springframework/spring-webmvc/5.2.2.RELEASE/spring-webmvc-5.2.2.RELEASE.jar:/usr/local/Cellar/maven/3.6.1/libexec/respository/org/springframework/spring-expression/5.2.2.RELEASE/spring-expression-5.2.2.RELEASE.jar:/usr/local/Cellar/maven/3.6.1/libexec/respository/org/mybatis/spring/boot/mybatis-spring-boot-starter/1.1.1/mybatis-spring-boot-starter-1.1.1.jar:/usr/local/Cellar/maven/3.6.1/libexec/respository/org/mybatis/spring/boot/mybatis-spring-boot-autoconfigure/1.1.1/mybatis-spring-boot-autoconfigure-1.1.1.jar:/usr/local/Cellar/maven/3.6.1/libexec/respository/org/mybatis/mybatis/3.4.0/mybatis-3.4.0.jar:/usr/local/Cellar/maven/3.6.1/libexec/respository/org/mybatis/mybatis-spring/1.3.0/mybatis-spring-1.3.0.jar:/usr/local/Cellar/maven/3.6.1/libexec/respository/mysql/mysql-connector-java/8.0.18/mysql-connector-java-8.0.18.jar:/usr/local/Cellar/maven/3.6.1/libexec/respository/org/springframework/boot/spring-boot-starter-test/2.2.2.RELEASE/spring-boot-starter-test-2.2.2.RELEASE.jar:/usr/local/Cellar/maven/3.6.1/libexec/respository/org/springframework/boot/spring-boot-test/2.2.2.RELEASE/spring-boot-test-2.2.2.RELEASE.jar:/usr/local/Cellar/maven/3.6.1/libexec/respository/org/springframework/boot/spring-boot-test-autoconfigure/2.2.2.RELEASE/spring-boot-test-autoconfigure-2.2.2.RELEASE.jar:/usr/local/Cellar/maven/3.6.1/libexec/respository/com/jayway/jsonpath/json-path/2.4.0/json-path-2.4.0.jar:/usr/local/Cellar/maven/3.6.1/libexec/respository/net/minidev/json-smart/2.3/json-smart-2.3.jar:/usr/local/Cellar/maven/3.6.1/libexec/respository/net/minidev/accessors-smart/1.2/accessors-smart-1.2.jar:/usr/local/Cellar/maven/3.6.1/libexec/respository/org/ow2/asm/asm/5.0.4/asm-5.0.4.jar:/usr/local/Cellar/maven/3.6.1/libexec/respository/jakarta/xml/bind/jakarta.xml.bind-api/2.3.2/jakarta.xml.bind-api-2.3.2.jar:/usr/local/Cellar/maven/3.6.1/libexec/respository/org/junit/jupiter/junit-jupiter/5.5.2/junit-jupiter-5.5.2.jar:/usr/local/Cellar/maven/3.6.1/libexec/respository/org/junit/jupiter/junit-jupiter-api/5.5.2/junit-jupiter-api-5.5.2.jar:/usr/local/Cellar/maven/3.6.1/libexec/respository/org/apiguardian/apiguardian-api/1.1.0/apiguardian-api-1.1.0.jar:/usr/local/Cellar/maven/3.6.1/libexec/respository/org/opentest4j/opentest4j/1.2.0/opentest4j-1.2.0.jar:/usr/local/Cellar/maven/3.6.1/libexec/respository/org/junit/platform/junit-platform-commons/1.5.2/junit-platform-commons-1.5.2.jar:/usr/local/Cellar/maven/3.6.1/libexec/respository/org/junit/jupiter/junit-jupiter-params/5.5.2/junit-jupiter-params-5.5.2.jar:/usr/local/Cellar/maven/3.6.1/libexec/respository/org/junit/jupiter/junit-jupiter-engine/5.5.2/junit-jupiter-engine-5.5.2.jar:/usr/local/Cellar/maven/3.6.1/libexec/respository/org/junit/platform/junit-platform-engine/1.5.2/junit-platform-engine-1.5.2.jar:/usr/local/Cellar/maven/3.6.1/libexec/respository/org/mockito/mockito-junit-jupiter/3.1.0/mockito-junit-jupiter-3.1.0.jar:/usr/local/Cellar/maven/3.6.1/libexec/respository/org/assertj/assertj-core/3.13.2/assertj-core-3.13.2.jar:/usr/local/Cellar/maven/3.6.1/libexec/respository/org/hamcrest/hamcrest/2.1/hamcrest-2.1.jar:/usr/local/Cellar/maven/3.6.1/libexec/respository/org/mockito/mockito-core/3.1.0/mockito-core-3.1.0.jar:/usr/local/Cellar/maven/3.6.1/libexec/respository/net/bytebuddy/byte-buddy-agent/1.10.4/byte-buddy-agent-1.10.4.jar:/usr/local/Cellar/maven/3.6.1/libexec/respository/org/objenesis/objenesis/2.6/objenesis-2.6.jar:/usr/local/Cellar/maven/3.6.1/libexec/respository/org/skyscreamer/jsonassert/1.5.0/jsonassert-1.5.0.jar:/usr/local/Cellar/maven/3.6.1/libexec/respository/com/vaadin/external/google/android-json/0.0.20131108.vaadin1/android-json-0.0.20131108.vaadin1.jar:/usr/local/Cellar/maven/3.6.1/libexec/respository/org/springframework/spring-core/5.2.2.RELEASE/spring-core-5.2.2.RELEASE.jar:/usr/local/Cellar/maven/3.6.1/libexec/respository/org/springframework/spring-jcl/5.2.2.RELEASE/spring-jcl-5.2.2.RELEASE.jar:/usr/local/Cellar/maven/3.6.1/libexec/respository/org/springframework/spring-test/5.2.2.RELEASE/spring-test-5.2.2.RELEASE.jar:/usr/local/Cellar/maven/3.6.1/libexec/respository/org/xmlunit/xmlunit-core/2.6.3/xmlunit-core-2.6.3.jar:"/>
    <property name="sun.cpu.endian" value="little"/>
    <property name="user.home" value="/Users/edz"/>
    <property name="user.language" value="zh"/>
    <property name="java.specification.vendor" value="Oracle Corporation"/>
    <property name="java.home" value="/Users/edz/Java/JavaVirtualMachines/jdk1.8.0_181.jdk/Contents/Home/jre"/>
    <property name="basedir" value="/Users/edz/BM/springbootdemo"/>
    <property name="file.separator" value="/"/>
    <property name="line.separator" value="&#10;"/>
    <property name="idea.version2019.2.3" value="true"/>
    <property name="java.vm.specification.vendor" value="Oracle Corporation"/>
    <property name="java.specification.name" value="Java Platform API Specification"/>
    <property name="java.awt.graphicsenv" value="sun.awt.CGraphicsEnvironment"/>
    <property name="surefire.real.class.path" value="/Users/edz/BM/springbootdemo/target/surefire/surefirebooter7717929901650673770.jar"/>
    <property name="sun.boot.class.path" value="/Users/edz/Java/JavaVirtualMachines/jdk1.8.0_181.jdk/Contents/Home/jre/lib/resources.jar:/Users/edz/Java/JavaVirtualMachines/jdk1.8.0_181.jdk/Contents/Home/jre/lib/rt.jar:/Users/edz/Java/JavaVirtualMachines/jdk1.8.0_181.jdk/Contents/Home/jre/lib/sunrsasign.jar:/Users/edz/Java/JavaVirtualMachines/jdk1.8.0_181.jdk/Contents/Home/jre/lib/jsse.jar:/Users/edz/Java/JavaVirtualMachines/jdk1.8.0_181.jdk/Contents/Home/jre/lib/jce.jar:/Users/edz/Java/JavaVirtualMachines/jdk1.8.0_181.jdk/Contents/Home/jre/lib/charsets.jar:/Users/edz/Java/JavaVirtualMachines/jdk1.8.0_181.jdk/Contents/Home/jre/lib/jfr.jar:/Users/edz/Java/JavaVirtualMachines/jdk1.8.0_181.jdk/Contents/Home/jre/classes"/>
    <property name="sun.management.compiler" value="HotSpot 64-Bit Tiered Compilers"/>
    <property name="ftp.nonProxyHosts" value="local|*.local|169.254/16|*.169.254/16"/>
    <property name="java.runtime.version" value="1.8.0_181-b13"/>
    <property name="user.name" value="edz"/>
    <property name="path.separator" value=":"/>
    <property name="os.version" value="10.14.6"/>
    <property name="java.endorsed.dirs" value="/Users/edz/Java/JavaVirtualMachines/jdk1.8.0_181.jdk/Contents/Home/jre/lib/endorsed"/>
    <property name="java.runtime.name" value="Java(TM) SE Runtime Environment"/>
    <property name="file.encoding" value="UTF-8"/>
    <property name="java.vm.name" value="Java HotSpot(TM) 64-Bit Server VM"/>
    <property name="localRepository" value="/usr/local/Cellar/maven/3.6.1/libexec/respository"/>
    <property name="java.vendor.url.bug" value="http://bugreport.sun.com/bugreport/"/>
    <property name="java.io.tmpdir" value="/var/folders/3n/c00l308j0s16_90vvb14l1140000gn/T/"/>
    <property name="java.version" value="1.8.0_181"/>
    <property name="user.dir" value="/Users/edz/BM/springbootdemo"/>
    <property name="os.arch" value="x86_64"/>
    <property name="java.vm.specification.name" value="Java Virtual Machine Specification"/>
    <property name="java.awt.printerjob" value="sun.lwawt.macosx.CPrinterJob"/>
    <property name="sun.os.patch.level" value="unknown"/>
    <property name="java.library.path" value="/Users/edz/Library/Java/Extensions:/Library/Java/Extensions:/Network/Library/Java/Extensions:/System/Library/Java/Extensions:/usr/lib/java:."/>
    <property name="java.vm.info" value="mixed mode"/>
    <property name="java.vendor" value="Oracle Corporation"/>
    <property name="java.vm.version" value="25.181-b13"/>
    <property name="java.ext.dirs" value="/Users/edz/Library/Java/Extensions:/Users/edz/Java/JavaVirtualMachines/jdk1.8.0_181.jdk/Contents/Home/jre/lib/ext:/Library/Java/Extensions:/Network/Library/Java/Extensions:/System/Library/Java/Extensions:/usr/lib/java"/>
    <property name="sun.io.unicode.encoding" value="UnicodeBig"/>
    <property name="maven.repo.local" value="/usr/local/Cellar/maven/3.6.1/libexec/respository"/>
    <property name="java.class.version" value="52.0"/>
    <property name="socksNonProxyHosts" value="local|*.local|169.254/16|*.169.254/16"/>
  </properties>
  <testcase name="contextLoads" classname="com.example.springbootdemo.SpringbootdemoApplicationTests" time="0.166"/>
</testsuite>